14-11-2024 17:54:19.760: Logging Start
14-11-2024 17:54:19.769: N3@Connected to 10.78.31.:9200
14-11-2024 17:54:19.769: N2@Connected to 10.78.31.:9200
14-11-2024 17:54:19.769: N1@Connected to 10.78.31.:9200
14-11-2024 17:54:20.771: N3@Sent: AT!RP0
14-11-2024 17:54:20.771: N2@Sent: AT!RP0
14-11-2024 17:54:20.771: N1@Sent: AT!RP0
14-11-2024 17:54:20.775: N2@Received: AT!RP:2:OK
14-11-2024 17:54:20.776: N1@Received: AT!RP:2:OK
14-11-2024 17:54:20.777: N3@Received: AT!RP:2:OK
14-11-2024 17:54:21.773: N3@Sent: AT@ZU0
14-11-2024 17:54:21.773: N2@Sent: AT@ZU0
14-11-2024 17:54:21.773: N1@Sent: AT@ZU0
14-11-2024 17:54:21.775: N2@Received: AT@ZU:2:OK
14-11-2024 17:54:21.776: N1@Received: AT@ZU:2:OK
14-11-2024 17:54:21.777: N3@Received: AT@ZU:2:OK
14-11-2024 17:54:22.775: N1@Sent: AT*SENDIM,11,2,noack,From 1 to 2
14-11-2024 17:54:22.781: N1@Received: AT*SENDIM:2:OK
14-11-2024 17:54:23.367: N2@Received: AT:53:RECVIM,11,1,2,noack,258048,-81,120,0.1000,From 1 to 2
14-11-2024 17:54:24.368: N2@Sent: AT*SENDIM,25,3,noack,From 1 to 2 and then to 3
14-11-2024 17:54:24.371: N2@Received: AT*SENDIM:2:OK
14-11-2024 17:54:25.115: N3@Received: AT:67:RECVIM,25,2,3,noack,413696,-81,120,0.1000,From 1 to 2 and then to 3
14-11-2024 17:54:33.787: N1@Sent: AT*SENDIM,11,2,noack,From 1 to 2
14-11-2024 17:54:33.790: N1@Received: AT*SENDIM:2:OK
14-11-2024 17:54:34.377: N2@Received: AT:53:RECVIM,11,1,2,noack,258048,-81,120,0.1000,From 1 to 2
14-11-2024 17:54:35.379: N2@Sent: AT*SENDIM,25,3,noack,From 1 to 2 and then to 3
14-11-2024 17:54:35.384: N2@Received: AT*SENDIM:2:OK
14-11-2024 17:54:36.125: N3@Received: AT:67:RECVIM,25,2,3,noack,413696,-81,120,0.1000,From 1 to 2 and then to 3
14-11-2024 17:54:44.798: N1@Sent: AT*SENDIM,11,2,noack,From 1 to 2
14-11-2024 17:54:44.802: N1@Received: AT*SENDIM:2:OK
14-11-2024 17:54:45.389: N2@Received: AT:53:RECVIM,11,1,2,noack,258048,-81,120,0.1000,From 1 to 2
14-11-2024 17:54:46.390: N2@Sent: AT*SENDIM,25,3,noack,From 1 to 2 and then to 3
14-11-2024 17:54:46.394: N2@Received: AT*SENDIM:2:OK
14-11-2024 17:54:47.142: N3@Received: AT:67:RECVIM,25,2,3,noack,413696,-81,120,0.1000,From 1 to 2 and then to 3
14-11-2024 17:54:55.809: N1@Sent: AT*SENDIM,11,2,noack,From 1 to 2
14-11-2024 17:54:55.813: N1@Received: AT*SENDIM:2:OK
14-11-2024 17:54:56.410: N2@Received: AT:53:RECVIM,11,1,2,noack,258048,-81,120,0.1000,From 1 to 2
14-11-2024 17:54:57.412: N2@Sent: AT*SENDIM,25,3,noack,From 1 to 2 and then to 3
14-11-2024 17:54:57.416: N2@Received: AT*SENDIM:2:OK
14-11-2024 17:54:58.161: N3@Received: AT:67:RECVIM,25,2,3,noack,413696,-81,120,0.1000,From 1 to 2 and then to 3
14-11-2024 17:55:06.821: N1@Sent: AT*SENDIM,11,2,noack,From 1 to 2
14-11-2024 17:55:06.848: N1@Received: AT*SENDIM:2:OK
14-11-2024 17:55:07.436: N2@Received: AT:53:RECVIM,11,1,2,noack,258048,-81,120,0.1000,From 1 to 2
14-11-2024 17:55:08.437: N2@Sent: AT*SENDIM,25,3,noack,From 1 to 2 and then to 3
14-11-2024 17:55:08.443: N2@Received: AT*SENDIM:2:OK
14-11-2024 17:55:09.186: N3@Received: AT:67:RECVIM,25,2,3,noack,413696,-81,120,0.1000,From 1 to 2 and then to 3
14-11-2024 17:55:17.827: N1@Sent: AT*SENDIM,11,2,noack,From 1 to 2
14-11-2024 17:55:17.832: N1@Received: AT*SENDIM:2:OK
14-11-2024 17:55:18.418: N2@Received: AT:53:RECVIM,11,1,2,noack,258048,-81,120,0.1000,From 1 to 2
14-11-2024 17:55:19.420: N2@Sent: AT*SENDIM,25,3,noack,From 1 to 2 and then to 3
14-11-2024 17:55:19.423: N2@Received: AT*SENDIM:2:OK
14-11-2024 17:55:20.170: N3@Received: AT:67:RECVIM,25,2,3,noack,413696,-81,120,0.1000,From 1 to 2 and then to 3
