14-11-2024 17:53:54.677: Logging Start
14-11-2024 17:53:54.688: N2@Connected to 10.78.31.:9200
14-11-2024 17:53:54.689: N1@Connected to 10.78.31.:9200
14-11-2024 17:53:54.689: N3@Connected to 10.78.31.:9200
14-11-2024 17:53:54.692: N2@Received: AT:53:RECVIM,11,1,2,noack,258048,-81,120,0.1000,From 1 to 2AT:53:RECVIM,11,1,2,noack,258048,-81,120,0.1000,From 1 to 2
14-11-2024 17:53:55.691: N2@Sent: AT!RP0
14-11-2024 17:53:55.691: N3@Sent: AT!RP0
14-11-2024 17:53:55.691: N1@Sent: AT!RP0
14-11-2024 17:53:55.692: N3@Received: AT!RP:2:OK
14-11-2024 17:53:55.693: N1@Received: AT!RP:2:OK
14-11-2024 17:53:55.693: N2@Sent: AT*SENDIM,24,3,noack,From 1 to 2AT:53:RECVIMand then to 3
14-11-2024 17:53:55.693: N2@Received: AT!RP:2:OK
14-11-2024 17:53:56.692: N2@Sent: AT@ZU0
14-11-2024 17:53:56.692: N3@Sent: AT@ZU0
14-11-2024 17:53:56.693: N1@Sent: AT@ZU0
14-11-2024 17:53:56.701: N2@Received: AT:10:DROPCNT,61
14-11-2024 17:53:56.702: N3@Received: AT@ZU:2:OK
14-11-2024 17:53:56.702: N1@Received: AT@ZU:2:OK
14-11-2024 17:53:56.763: N2@Received: AT@ZU:2:OK
14-11-2024 17:53:57.694: N1@Sent: AT*SENDIM,11,2,noack,From 1 to 2
14-11-2024 17:53:57.700: N1@Received: AT*SENDIM:2:OK
14-11-2024 17:53:58.286: N2@Received: AT:53:RECVIM,11,1,2,noack,258048,-81,120,0.1000,From 1 to 2
14-11-2024 17:53:59.287: N2@Sent: AT*SENDIM,24,3,noack,From 1 to 2and then to 3
14-11-2024 17:53:59.290: N2@Received: AT*SENDIM:2:OK
14-11-2024 17:54:00.025: N3@Received: AT:66:RECVIM,24,2,3,noack,405504,-81,120,0.1000,From 1 to 2and then to 3
14-11-2024 17:54:08.699: N1@Sent: AT*SENDIM,11,2,noack,From 1 to 2
14-11-2024 17:54:08.703: N1@Received: AT*SENDIM:2:OK
14-11-2024 17:54:09.290: N2@Received: AT:53:RECVIM,11,1,2,noack,258048,-81,120,0.1000,From 1 to 2
14-11-2024 17:54:10.291: N2@Sent: AT*SENDIM,24,3,noack,From 1 to 2and then to 3
14-11-2024 17:54:10.295: N2@Received: AT*SENDIM:2:OK
14-11-2024 17:54:11.031: N3@Received: AT:66:RECVIM,24,2,3,noack,405504,-81,120,0.1000,From 1 to 2and then to 3
